# JRE version: OpenJDK Runtime Environment (15.0.2+7) (build 15.0.2+7-27)
# Java VM: OpenJDK 64-Bit Server VM (15.0.2+7-27, mixed mode, tiered, compressed oops, g1 gc, windows-amd64)
GC Precious Log:
 CPUs: 8 total, 8 available
 Memory: 7914M
 Large Page Support: Disabled
 NUMA Support: Disabled
 Compressed Oops: Enabled (32-bit)
 Heap Region Size: 1M
 Heap Min Capacity: 8M
 Heap Initial Capacity: 124M
 Heap Max Capacity: 1980M
 Pre-touch: Disabled
 Parallel Workers: 8
 Concurrent Workers: 2
 Concurrent Refinement Workers: 8
 Periodic GC: Disabled
Heap:
 garbage-first heap   total 229376K, used 134790K [0x0000000084400000, 0x0000000100000000)
  region size 1024K, 72 young (73728K), 3 survivors (3072K)
 Metaspace       used 76517K, capacity 77542K, committed 77568K, reserved 1116160K
  class space    used 9916K, capacity 10235K, committed 10240K, reserved 1048576K
GC Heap History (20 events):
Event: 446.425 GC heap before
{Heap before GC invocations=41 (full 0):
 garbage-first heap   total 113664K, used 97754K [0x0000000084400000, 0x0000000100000000)
  region size 1024K, 49 young (50176K), 2 survivors (2048K)
 Metaspace       used 75261K, capacity 76165K, committed 76416K, reserved 1116160K
  class space    used 9778K, capacity 10054K, committed 10112K, reserved 1048576K
}
Event: 446.430 GC heap after
{Heap after GC invocations=42 (full 0):
 garbage-first heap   total 113664K, used 50115K [0x0000000084400000, 0x0000000100000000)
  region size 1024K, 2 young (2048K), 2 survivors (2048K)
 Metaspace       used 75261K, capacity 76165K, committed 76416K, reserved 1116160K
  class space    used 9778K, capacity 10054K, committed 10112K, reserved 1048576K
}
Event: 476.184 GC heap before
{Heap before GC invocations=42 (full 0):
 garbage-first heap   total 113664K, used 97219K [0x0000000084400000, 0x0000000100000000)
  region size 1024K, 48 young (49152K), 2 survivors (2048K)
 Metaspace       used 75261K, capacity 76165K, committed 76416K, reserved 1116160K
  class space    used 9778K, capacity 10054K, committed 10112K, reserved 1048576K
}
Event: 476.186 GC heap after
{Heap after GC invocations=43 (full 0):
 garbage-first heap   total 113664K, used 49884K [0x0000000084400000, 0x0000000100000000)
  region size 1024K, 2 young (2048K), 2 survivors (2048K)
 Metaspace       used 75261K, capacity 76165K, committed 76416K, reserved 1116160K
  class space    used 9778K, capacity 10054K, committed 10112K, reserved 1048576K
}
Event: 504.173 GC heap before
{Heap before GC invocations=43 (full 0):
 garbage-first heap   total 113664K, used 96988K [0x0000000084400000, 0x0000000100000000)
  region size 1024K, 48 young (49152K), 2 survivors (2048K)
 Metaspace       used 75262K, capacity 76165K, committed 76416K, reserved 1116160K
  class space    used 9779K, capacity 10054K, committed 10112K, reserved 1048576K
}
Event: 504.177 GC heap after
{Heap after GC invocations=44 (full 0):
 garbage-first heap   total 113664K, used 50116K [0x0000000084400000, 0x0000000100000000)
  region size 1024K, 2 young (2048K), 2 survivors (2048K)
 Metaspace       used 75262K, capacity 76165K, committed 76416K, reserved 1116160K
  class space    used 9779K, capacity 10054K, committed 10112K, reserved 1048576K
}
Event: 542.441 GC heap before
{Heap before GC invocations=44 (full 0):
 garbage-first heap   total 113664K, used 97220K [0x0000000084400000, 0x0000000100000000)
  region size 1024K, 48 young (49152K), 2 survivors (2048K)
 Metaspace       used 75262K, capacity 76165K, committed 76416K, reserved 1116160K
  class space    used 9779K, capacity 10054K, committed 10112K, reserved 1048576K
}
Event: 542.445 GC heap after
{Heap after GC invocations=45 (full 0):
 garbage-first heap   total 113664K, used 50051K [0x0000000084400000, 0x0000000100000000)
  region size 1024K, 2 young (2048K), 2 survivors (2048K)
 Metaspace       used 75262K, capacity 76165K, committed 76416K, reserved 1116160K
  class space    used 9779K, capacity 10054K, committed 10112K, reserved 1048576K
}
Event: 570.534 GC heap before
{Heap before GC invocations=45 (full 0):
 garbage-first heap   total 113664K, used 97155K [0x0000000084400000, 0x0000000100000000)
  region size 1024K, 48 young (49152K), 2 survivors (2048K)
 Metaspace       used 75412K, capacity 76317K, committed 76416K, reserved 1116160K
  class space    used 9793K, capacity 10059K, committed 10112K, reserved 1048576K
}
Event: 570.542 GC heap after
{Heap after GC invocations=46 (full 0):
 garbage-first heap   total 113664K, used 51063K [0x0000000084400000, 0x0000000100000000)
  region size 1024K, 3 young (3072K), 3 survivors (3072K)
 Metaspace       used 75412K, capacity 76317K, committed 76416K, reserved 1116160K
  class space    used 9793K, capacity 10059K, committed 10112K, reserved 1048576K
}
Event: 594.238 GC heap before
{Heap before GC invocations=46 (full 0):
 garbage-first heap   total 113664K, used 95095K [0x0000000084400000, 0x0000000100000000)
  region size 1024K, 47 young (48128K), 3 survivors (3072K)
 Metaspace       used 75809K, capacity 76755K, committed 77056K, reserved 1116160K
  class space    used 9841K, capacity 10138K, committed 10240K, reserved 1048576K
}
Event: 594.244 GC heap after
{Heap after GC invocations=47 (full 0):
 garbage-first heap   total 113664K, used 51394K [0x0000000084400000, 0x0000000100000000)
  region size 1024K, 3 young (3072K), 3 survivors (3072K)
 Metaspace       used 75809K, capacity 76755K, committed 77056K, reserved 1116160K
  class space    used 9841K, capacity 10138K, committed 10240K, reserved 1048576K
}
Event: 618.504 GC heap before
{Heap before GC invocations=47 (full 0):
 garbage-first heap   total 113664K, used 95426K [0x0000000084400000, 0x0000000100000000)
  region size 1024K, 46 young (47104K), 3 survivors (3072K)
 Metaspace       used 75863K, capacity 76888K, committed 77056K, reserved 1116160K
  class space    used 9849K, capacity 10152K, committed 10240K, reserved 1048576K
}
Event: 618.509 GC heap after
{Heap after GC invocations=48 (full 0):
 garbage-first heap   total 113664K, used 51221K [0x0000000084400000, 0x0000000100000000)
  region size 1024K, 3 young (3072K), 3 survivors (3072K)
 Metaspace       used 75863K, capacity 76888K, committed 77056K, reserved 1116160K
  class space    used 9849K, capacity 10152K, committed 10240K, reserved 1048576K
}
Event: 641.236 GC heap before
{Heap before GC invocations=48 (full 0):
 garbage-first heap   total 113664K, used 92181K [0x0000000084400000, 0x0000000100000000)
  region size 1024K, 44 young (45056K), 3 survivors (3072K)
 Metaspace       used 76138K, capacity 77149K, committed 77312K, reserved 1116160K
  class space    used 9891K, capacity 10234K, committed 10240K, reserved 1048576K
}
Event: 641.242 GC heap after
{Heap after GC invocations=49 (full 0):
 garbage-first heap   total 113664K, used 53051K [0x0000000084400000, 0x0000000100000000)
  region size 1024K, 4 young (4096K), 4 survivors (4096K)
 Metaspace       used 76138K, capacity 77149K, committed 77312K, reserved 1116160K
  class space    used 9891K, capacity 10234K, committed 10240K, reserved 1048576K
}
Event: 641.498 GC heap before
{Heap before GC invocations=50 (full 0):
 garbage-first heap   total 209920K, used 190267K [0x0000000084400000, 0x0000000100000000)
  region size 1024K, 5 young (5120K), 4 survivors (4096K)
 Metaspace       used 76128K, capacity 77134K, committed 77312K, reserved 1116160K
  class space    used 9889K, capacity 10231K, committed 10240K, reserved 1048576K
}
Event: 641.505 GC heap after
{Heap after GC invocations=51 (full 0):
 garbage-first heap   total 209920K, used 118709K [0x0000000084400000, 0x0000000100000000)
  region size 1024K, 3 young (3072K), 3 survivors (3072K)
 Metaspace       used 76128K, capacity 77134K, committed 77312K, reserved 1116160K
  class space    used 9889K, capacity 10231K, committed 10240K, reserved 1048576K
}
Event: 652.229 GC heap before
{Heap before GC invocations=52 (full 0):
 garbage-first heap   total 270336K, used 177077K [0x0000000084400000, 0x0000000100000000)
  region size 1024K, 21 young (21504K), 3 survivors (3072K)
 Metaspace       used 76134K, capacity 77140K, committed 77312K, reserved 1116160K
  class space    used 9891K, capacity 10232K, committed 10240K, reserved 1048576K
}
Event: 652.234 GC heap after
{Heap after GC invocations=53 (full 0):
 garbage-first heap   total 270336K, used 51846K [0x0000000084400000, 0x0000000100000000)
  region size 1024K, 3 young (3072K), 3 survivors (3072K)
 Metaspace       used 76134K, capacity 77140K, committed 77312K, reserved 1116160K
  class space    used 9891K, capacity 10232K, committed 10240K, reserved 1048576K
}

